<?xml version="1.0" encoding="UTF-8"?>
<testsuites name="Test Suite Reqres.in" time="13.509" tests="4" failures="0" errors="0">
   <testsuite name="Test Suite Reqres.in" tests="4" failures="0" errors="0" time="13.509" skipped="0" timestamp="2023-05-13 09:50:38" hostname="Alfaresta-PC - DESKTOP-54V3966" id="Test Suites/Test Suite Reqres.in">
      <properties>
         <property name="deviceName" value=""/>
         <property name="devicePlatform" value=""/>
         <property name="logFolder" value="C:\\Users\\Alfaresta-PC\\git\\Test-Katalon\\Reports\\20230513_095033\\Test Suite Reqres.in\\20230513_095033"/>
         <property name="logFiles" value="C:\\Users\\Alfaresta-PC\\git\\Test-Katalon\\Reports\\20230513_095033\\Test Suite Reqres.in\\20230513_095033\\execution0.log"/>
         <property name="attachments" value=""/>
         <property name="hostName" value="Alfaresta-PC - DESKTOP-54V3966"/>
         <property name="hostAddress" value="192.168.100.24"/>
         <property name="os" value="Windows 10 64bit"/>
         <property name="katalonVersion" value="8.6.0.208"/>
      </properties>
      <testcase name="Test Cases/Get List Users" time="6.002" classname="Test Cases/Get List Users" status="PASSED">
         <system-out><![CDATA[2023-05-13 09:50:39 - [TEST_CASE][PASSED] - Test Cases/Get List Users: Test Cases/Get List Users

2023-05-13 09:50:39 - [TEST_STEP][PASSED] - response = sendRequestAndVerify(findTestObject("GET List Users")): Send request and verify the response successfully

2023-05-13 09:50:43 - [MESSAGE][INFO] - HAR: C:\Users\Alfaresta-PC\git\Test-Katalon\Reports\20230513_095033\Test Suite Reqres.in\20230513_095033\requests\main\0.har

2023-05-13 09:50:44 - [TEST_CASE][PASSED] - Start Test Case : Verification: Verification accomplished successfully

2023-05-13 09:50:44 - [TEST_STEP][PASSED] - request = getInstance().getCurrentRequest(): null

2023-05-13 09:50:44 - [TEST_STEP][PASSED] - response = getInstance().getCurrentResponse(): null

2023-05-13 09:50:44 - [MESSAGE][PASSED] - Verify response successfully

2023-05-13 09:50:44 - [MESSAGE][PASSED] - All validation steps have been passed

2023-05-13 09:50:44 - [MESSAGE][PASSED] - Send request and verify the response successfully

2023-05-13 09:50:44 - [TEST_STEP][PASSED] - verifyResponseStatusCode(response, 200): Verify response status code successfully

2023-05-13 09:50:44 - [MESSAGE][PASSED] - Verify response status code successfully

2023-05-13 09:50:44 - [TEST_STEP][PASSED] - verifyElementPropertyValue(response, "data[0].first_name", "George"): Verify element property value successfully

2023-05-13 09:50:45 - [MESSAGE][PASSED] - Verify element property value successfully]]></system-out>
         <system-err><![CDATA[]]></system-err>
      </testcase>
      <testcase name="Test Cases/Get Single User" time="2.134" classname="Test Cases/Get Single User" status="PASSED">
         <system-out><![CDATA[2023-05-13 09:50:45 - [TEST_CASE][PASSED] - Test Cases/Get Single User: Test Cases/Get Single User

2023-05-13 09:50:45 - [TEST_STEP][PASSED] - response = sendRequestAndVerify(findTestObject("GET Single User")): Send request and verify the response successfully

2023-05-13 09:50:46 - [MESSAGE][INFO] - HAR: C:\Users\Alfaresta-PC\git\Test-Katalon\Reports\20230513_095033\Test Suite Reqres.in\20230513_095033\requests\main\1.har

2023-05-13 09:50:46 - [TEST_CASE][PASSED] - Start Test Case : Verification: Verification accomplished successfully

2023-05-13 09:50:46 - [TEST_STEP][PASSED] - request = getInstance().getCurrentRequest(): null

2023-05-13 09:50:46 - [TEST_STEP][PASSED] - response = getInstance().getCurrentResponse(): null

2023-05-13 09:50:46 - [MESSAGE][PASSED] - Verify response successfully

2023-05-13 09:50:46 - [MESSAGE][PASSED] - All validation steps have been passed

2023-05-13 09:50:46 - [MESSAGE][PASSED] - Send request and verify the response successfully

2023-05-13 09:50:46 - [TEST_STEP][PASSED] - verifyResponseStatusCode(response, 200): Verify response status code successfully

2023-05-13 09:50:46 - [MESSAGE][PASSED] - Verify response status code successfully

2023-05-13 09:50:46 - [TEST_STEP][PASSED] - verifyElementPropertyValue(response, "data.id", "5"): Verify element property value successfully

2023-05-13 09:50:47 - [MESSAGE][PASSED] - Verify element property value successfully

2023-05-13 09:50:47 - [TEST_STEP][PASSED] - verifyElementPropertyValue(response, "data.email", "charles.morris@reqres.in"): Verify element property value successfully

2023-05-13 09:50:47 - [MESSAGE][PASSED] - Verify element property value successfully

2023-05-13 09:50:47 - [TEST_STEP][PASSED] - verifyElementPropertyValue(response, "data.first_name", "Charles"): Verify element property value successfully

2023-05-13 09:50:47 - [MESSAGE][PASSED] - Verify element property value successfully

2023-05-13 09:50:47 - [TEST_STEP][PASSED] - verifyElementPropertyValue(response, "data.last_name", "Morris"): Verify element property value successfully

2023-05-13 09:50:47 - [MESSAGE][PASSED] - Verify element property value successfully

2023-05-13 09:50:47 - [TEST_STEP][PASSED] - slurper = new groovy.json.JsonSlurper(): null

2023-05-13 09:50:47 - [TEST_STEP][PASSED] - jsonString = response.getResponseBodyContent(): null

2023-05-13 09:50:47 - [TEST_STEP][PASSED] - result = slurper.parseText(jsonString): null

2023-05-13 09:50:47 - [TEST_STEP][PASSED] - xmail = email: null

2023-05-13 09:50:47 - [TEST_STEP][PASSED] - email = xmail: null]]></system-out>
         <system-err><![CDATA[]]></system-err>
      </testcase>
      <testcase name="Test Cases/Post Register" time="2.69" classname="Test Cases/Post Register" status="PASSED">
         <system-out><![CDATA[2023-05-13 09:50:47 - [TEST_CASE][PASSED] - Test Cases/Post Register: Test Cases/Post Register

2023-05-13 09:50:47 - [TEST_STEP][PASSED] - response = sendRequest(findTestObject("POST Register Successfull", ["email":email])): Send request successfully

2023-05-13 09:50:49 - [MESSAGE][INFO] - HAR: C:\Users\Alfaresta-PC\git\Test-Katalon\Reports\20230513_095033\Test Suite Reqres.in\20230513_095033\requests\main\2.har

2023-05-13 09:50:49 - [MESSAGE][PASSED] - Send request successfully

2023-05-13 09:50:49 - [TEST_STEP][PASSED] - verifyResponseStatusCode(response, 200): Verify response status code successfully

2023-05-13 09:50:49 - [MESSAGE][PASSED] - Verify response status code successfully

2023-05-13 09:50:49 - [TEST_STEP][PASSED] - verifyElementPropertyValue(response, "id", "5"): Verify element property value successfully

2023-05-13 09:50:49 - [MESSAGE][PASSED] - Verify element property value successfully

2023-05-13 09:50:49 - [TEST_STEP][PASSED] - getElementPropertyValue(response, "token"): null]]></system-out>
         <system-err><![CDATA[]]></system-err>
      </testcase>
      <testcase name="Test Cases/Put Update User" time="2.084" classname="Test Cases/Put Update User" status="PASSED">
         <system-out><![CDATA[2023-05-13 09:50:49 - [TEST_CASE][PASSED] - Test Cases/Put Update User: Test Cases/Put Update User

2023-05-13 09:50:50 - [TEST_STEP][PASSED] - response = sendRequestAndVerify(findTestObject("PUT Update User", ["userName":"Fares", "userJob":"QA Engineer"])): Send request and verify the response successfully

2023-05-13 09:50:51 - [MESSAGE][INFO] - HAR: C:\Users\Alfaresta-PC\git\Test-Katalon\Reports\20230513_095033\Test Suite Reqres.in\20230513_095033\requests\main\3.har

2023-05-13 09:50:51 - [TEST_CASE][PASSED] - Start Test Case : Verification: Verification accomplished successfully

2023-05-13 09:50:51 - [TEST_STEP][PASSED] - request = getInstance().getCurrentRequest(): null

2023-05-13 09:50:51 - [TEST_STEP][PASSED] - response = getInstance().getCurrentResponse(): null

2023-05-13 09:50:51 - [MESSAGE][PASSED] - Verify response successfully

2023-05-13 09:50:51 - [MESSAGE][PASSED] - All validation steps have been passed

2023-05-13 09:50:51 - [MESSAGE][PASSED] - Send request and verify the response successfully

2023-05-13 09:50:51 - [TEST_STEP][PASSED] - verifyResponseStatusCode(response, 200): Verify response status code successfully

2023-05-13 09:50:51 - [MESSAGE][PASSED] - Verify response status code successfully

2023-05-13 09:50:51 - [TEST_STEP][PASSED] - verifyElementPropertyValue(response, "name", "Fares"): Verify element property value successfully

2023-05-13 09:50:51 - [MESSAGE][PASSED] - Verify element property value successfully

2023-05-13 09:50:51 - [TEST_STEP][PASSED] - verifyElementPropertyValue(response, "job", "QA Engineer"): Verify element property value successfully

2023-05-13 09:50:52 - [MESSAGE][PASSED] - Verify element property value successfully]]></system-out>
         <system-err><![CDATA[]]></system-err>
      </testcase>
      <system-out><![CDATA[2023-05-13 09:50:38 - [TEST_SUITE][PASSED] - Test Suite Reqres.in: Test Cases/Put Update User]]></system-out>
      <system-err><![CDATA[]]></system-err>
   </testsuite>
</testsuites>
