<?xml version="1.0" encoding="UTF-8"?>
<testsuites name="Test Suite" time="11.342" tests="4" failures="0" errors="0">
   <testsuite name="Test Suite" tests="4" failures="0" errors="0" time="11.342" skipped="0" timestamp="2023-05-13 00:40:48" hostname="Alfaresta-PC - DESKTOP-54V3966" id="Test Suites/Test Suite">
      <properties>
         <property name="deviceName" value=""/>
         <property name="devicePlatform" value=""/>
         <property name="logFolder" value="C:\\Users\\Alfaresta-PC\\git\\Test-Katalon\\Reports\\20230513_004044\\Test Suite\\20230513_004044"/>
         <property name="logFiles" value="C:\\Users\\Alfaresta-PC\\git\\Test-Katalon\\Reports\\20230513_004044\\Test Suite\\20230513_004044\\execution0.log"/>
         <property name="attachments" value=""/>
         <property name="hostName" value="Alfaresta-PC - DESKTOP-54V3966"/>
         <property name="hostAddress" value="192.168.100.24"/>
         <property name="os" value="Windows 10 64bit"/>
         <property name="katalonVersion" value="8.3.5.208"/>
      </properties>
      <testcase name="Test Cases/Get List Users" time="5.681" classname="Test Cases/Get List Users" status="PASSED">
         <system-out><![CDATA[2023-05-13 00:40:49 - [TEST_CASE][PASSED] - Test Cases/Get List Users: Test Cases/Get List Users

2023-05-13 00:40:50 - [TEST_STEP][PASSED] - response = sendRequestAndVerify(findTestObject("GET List Users")): Send request and verify the response successfully

2023-05-13 00:40:53 - [MESSAGE][INFO] - HAR: C:\Users\Alfaresta-PC\git\Test-Katalon\Reports\20230513_004044\Test Suite\20230513_004044\requests\main\0.har

2023-05-13 00:40:54 - [TEST_CASE][PASSED] - Start Test Case : Verification: Verification accomplished successfully

2023-05-13 00:40:54 - [TEST_STEP][PASSED] - request = getInstance().getCurrentRequest(): null

2023-05-13 00:40:54 - [TEST_STEP][PASSED] - response = getInstance().getCurrentResponse(): null

2023-05-13 00:40:54 - [MESSAGE][PASSED] - Verify response successfully

2023-05-13 00:40:54 - [MESSAGE][PASSED] - Send request and verify the response successfully

2023-05-13 00:40:54 - [TEST_STEP][PASSED] - verifyResponseStatusCode(response, 200): Verify response status code successfully

2023-05-13 00:40:54 - [MESSAGE][PASSED] - Verify response status code successfully

2023-05-13 00:40:54 - [TEST_STEP][PASSED] - verifyElementPropertyValue(response, "data[0].first_name", "George"): Verify element property value successfully

2023-05-13 00:40:55 - [MESSAGE][PASSED] - Verify element property value successfully]]></system-out>
         <system-err><![CDATA[]]></system-err>
      </testcase>
      <testcase name="Test Cases/Get Single User" time="1.622" classname="Test Cases/Get Single User" status="PASSED">
         <system-out><![CDATA[2023-05-13 00:40:55 - [TEST_CASE][PASSED] - Test Cases/Get Single User: Test Cases/Get Single User

2023-05-13 00:40:55 - [TEST_STEP][PASSED] - response = sendRequestAndVerify(findTestObject("GET Single User")): Send request and verify the response successfully

2023-05-13 00:40:56 - [MESSAGE][INFO] - HAR: C:\Users\Alfaresta-PC\git\Test-Katalon\Reports\20230513_004044\Test Suite\20230513_004044\requests\main\1.har

2023-05-13 00:40:56 - [TEST_CASE][PASSED] - Start Test Case : Verification: Verification accomplished successfully

2023-05-13 00:40:56 - [TEST_STEP][PASSED] - request = getInstance().getCurrentRequest(): null

2023-05-13 00:40:56 - [TEST_STEP][PASSED] - response = getInstance().getCurrentResponse(): null

2023-05-13 00:40:56 - [MESSAGE][PASSED] - Verify response successfully

2023-05-13 00:40:56 - [MESSAGE][PASSED] - Send request and verify the response successfully

2023-05-13 00:40:56 - [TEST_STEP][PASSED] - verifyResponseStatusCode(response, 200): Verify response status code successfully

2023-05-13 00:40:56 - [MESSAGE][PASSED] - Verify response status code successfully

2023-05-13 00:40:56 - [TEST_STEP][PASSED] - verifyElementPropertyValue(response, "data.id", "5"): Verify element property value successfully

2023-05-13 00:40:56 - [MESSAGE][PASSED] - Verify element property value successfully

2023-05-13 00:40:56 - [TEST_STEP][PASSED] - verifyElementPropertyValue(response, "data.email", "charles.morris@reqres.in"): Verify element property value successfully

2023-05-13 00:40:56 - [MESSAGE][PASSED] - Verify element property value successfully

2023-05-13 00:40:56 - [TEST_STEP][PASSED] - verifyElementPropertyValue(response, "data.first_name", "Charles"): Verify element property value successfully

2023-05-13 00:40:56 - [MESSAGE][PASSED] - Verify element property value successfully

2023-05-13 00:40:56 - [TEST_STEP][PASSED] - verifyElementPropertyValue(response, "data.last_name", "Morris"): Verify element property value successfully

2023-05-13 00:40:56 - [MESSAGE][PASSED] - Verify element property value successfully

2023-05-13 00:40:56 - [TEST_STEP][PASSED] - slurper = new groovy.json.JsonSlurper(): null

2023-05-13 00:40:56 - [TEST_STEP][PASSED] - jsonString = response.getResponseBodyContent(): null

2023-05-13 00:40:56 - [TEST_STEP][PASSED] - result = slurper.parseText(jsonString): null

2023-05-13 00:40:56 - [TEST_STEP][PASSED] - xmail = email: null

2023-05-13 00:40:56 - [TEST_STEP][PASSED] - email = xmail: null]]></system-out>
         <system-err><![CDATA[]]></system-err>
      </testcase>
      <testcase name="Test Cases/Post Register" time="1.589" classname="Test Cases/Post Register" status="PASSED">
         <system-out><![CDATA[2023-05-13 00:40:56 - [TEST_CASE][PASSED] - Test Cases/Post Register: Test Cases/Post Register

2023-05-13 00:40:57 - [TEST_STEP][PASSED] - response = sendRequest(findTestObject("POST Register Successfull", ["email":email])): Send request successfully

2023-05-13 00:40:58 - [MESSAGE][INFO] - HAR: C:\Users\Alfaresta-PC\git\Test-Katalon\Reports\20230513_004044\Test Suite\20230513_004044\requests\main\2.har

2023-05-13 00:40:58 - [MESSAGE][PASSED] - Send request successfully

2023-05-13 00:40:58 - [TEST_STEP][PASSED] - verifyResponseStatusCode(response, 200): Verify response status code successfully

2023-05-13 00:40:58 - [MESSAGE][PASSED] - Verify response status code successfully

2023-05-13 00:40:58 - [TEST_STEP][PASSED] - verifyElementPropertyValue(response, "id", "5"): Verify element property value successfully

2023-05-13 00:40:58 - [MESSAGE][PASSED] - Verify element property value successfully]]></system-out>
         <system-err><![CDATA[]]></system-err>
      </testcase>
      <testcase name="Test Cases/Put Update User" time="1.921" classname="Test Cases/Put Update User" status="PASSED">
         <system-out><![CDATA[2023-05-13 00:40:58 - [TEST_CASE][PASSED] - Test Cases/Put Update User: Test Cases/Put Update User

2023-05-13 00:40:58 - [TEST_STEP][PASSED] - response = sendRequestAndVerify(findTestObject("PUT Update User", ["userName":"Fares", "userJob":"QA Engineer"])): Send request and verify the response successfully

2023-05-13 00:40:59 - [MESSAGE][INFO] - HAR: C:\Users\Alfaresta-PC\git\Test-Katalon\Reports\20230513_004044\Test Suite\20230513_004044\requests\main\3.har

2023-05-13 00:40:59 - [TEST_CASE][PASSED] - Start Test Case : Verification: Verification accomplished successfully

2023-05-13 00:41:00 - [TEST_STEP][PASSED] - request = getInstance().getCurrentRequest(): null

2023-05-13 00:41:00 - [TEST_STEP][PASSED] - response = getInstance().getCurrentResponse(): null

2023-05-13 00:41:00 - [MESSAGE][PASSED] - Verify response successfully

2023-05-13 00:41:00 - [MESSAGE][PASSED] - Send request and verify the response successfully

2023-05-13 00:41:00 - [TEST_STEP][PASSED] - verifyResponseStatusCode(response, 200): Verify response status code successfully

2023-05-13 00:41:00 - [MESSAGE][PASSED] - Verify response status code successfully

2023-05-13 00:41:00 - [TEST_STEP][PASSED] - verifyElementPropertyValue(response, "name", "Fares"): Verify element property value successfully

2023-05-13 00:41:00 - [MESSAGE][PASSED] - Verify element property value successfully

2023-05-13 00:41:00 - [TEST_STEP][PASSED] - verifyElementPropertyValue(response, "job", "QA Engineer"): Verify element property value successfully

2023-05-13 00:41:00 - [MESSAGE][PASSED] - Verify element property value successfully]]></system-out>
         <system-err><![CDATA[]]></system-err>
      </testcase>
      <system-out><![CDATA[2023-05-13 00:40:48 - [TEST_SUITE][PASSED] - Test Suite: Test Cases/Put Update User]]></system-out>
      <system-err><![CDATA[]]></system-err>
   </testsuite>
</testsuites>
